Initialization of the logs...
Begin fitting residential model...
Acquiring EIA Residential Data
Finished EIA Residential Data. Some EIA Data is provided as: standard_state_name California
period                        
2020-01                  69802
2020-02                  52381
2020-03                  52447
2020-04                  37026
2020-05                  27600
Calculating EIA Monthly Constraints...
Calculating EIA Monthly Constraints...
Calculating EIA Monthly Constraints...
Calculating EIA Monthly Constraints...
Calculating EIA Monthly Constraints...
Calculating EIA Monthly Constraints...
Calculating EIA Monthly Constraints...
Calculating EIA Monthly Constraints...
Calculating EIA Monthly Constraints...
Calculating EIA Monthly Constraints...
Calculating EIA Monthly Constraints...
Calculating EIA Monthly Constraints...
Calculating EIA Monthly Constraints...
Calculating EIA Monthly Constraints...
Calculating EIA Monthly Constraints...
Calculating EIA Monthly Constraints...
Calculating EIA Monthly Constraints...
Calculating EIA Monthly Constraints...
Calculating EIA Monthly Constraints...
Calculating EIA Monthly Constraints...
Calculating EIA Monthly Constraints...
Calculating EIA Monthly Constraints...
Calculating EIA Monthly Constraints...
Calculating EIA Monthly Constraints...
Calculating EIA Monthly Constraints...
Calculating EIA Monthly Constraints...
Calculating EIA Monthly Constraints...
Calculating EIA Monthly Constraints...
Calculating EIA Monthly Constraints...
Calculating EIA Monthly Constraints...
Calculating EIA Monthly Constraints...
Calculating EIA Monthly Constraints...
Calculating EIA Monthly Constraints...
Calculating EIA Monthly Constraints...
Calculating EIA Monthly Constraints...
Calculating EIA Monthly Constraints...
Calculating EIA Monthly Constraints...
Calculating EIA Monthly Constraints...
Calculating EIA Monthly Constraints...
Calculating EIA Monthly Constraints...
Calculating EIA Monthly Constraints...
Calculating EIA Monthly Constraints...
Calculating EIA Monthly Constraints...
Calculating EIA Monthly Constraints...
Calculating EIA Monthly Constraints...
Initialization of the logs...
Begin fitting residential model...
Acquiring EIA Residential Data
Initialization of the logs...
Begin fitting residential model...
Acquiring EIA Residential Data
Finished EIA Residential Data. Some EIA Data is provided as: standard_state_name California
period                        
2020-01                  69802
2020-02                  52381
2020-03                  52447
2020-04                  37026
2020-05                  27600
Initialization of the logs...
Begin fitting residential model...
Acquiring EIA Residential Data
Finished EIA Residential Data. Some EIA Data is provided as: standard_state_name California
period                        
2020-01                  69802
2020-02                  52381
2020-03                  52447
2020-04                  37026
2020-05                  27600
Initialization of the logs...
Begin fitting residential model...
Acquiring EIA Residential Data
Finished EIA Residential Data. Some EIA Data is provided as: standard_state_name California
period                        
2020-01                  69802
2020-02                  52381
2020-03                  52447
2020-04                  37026
2020-05                  27600
Initialization of the logs...
Begin fitting residential model...
Acquiring EIA Residential Data
Initialization of the logs...
Begin fitting residential model...
Acquiring EIA Residential Data
Initialization of the logs...
Begin fitting residential model...
Acquiring EIA Residential Data
Finished EIA Residential Data. Some EIA Data is provided as: standard_state_name California
period                        
2020-01                  69802
2020-02                  52381
2020-03                  52447
2020-04                  37026
2020-05                  27600
Initialization of the logs...
Begin fitting residential model...
Acquiring EIA Residential Data
Initialization of the logs...
Begin fitting residential model...
Acquiring EIA Residential Data
Initialization of the logs...
Begin fitting residential model...
Acquiring EIA Residential Data
Initialization of the logs...
Begin fitting residential model...
Acquiring EIA Residential Data
Initialization of the logs...
Begin fitting residential model...
Acquiring EIA Residential Data
Initialization of the logs...
Begin fitting residential model...
Acquiring EIA Residential Data
Initialization of the logs...
Begin fitting residential model...
Acquiring EIA Residential Data
Initialization of the logs...
Begin fitting residential model...
Acquiring EIA Residential Data
Initialization of the logs...
Begin fitting residential model...
Acquiring EIA Residential Data
Finished EIA Residential Data. Some EIA Data is provided as: standard_state_name California
period                        
2020-01                    NaN
2020-02                  52381
2020-03                    NaN
2020-04                    NaN
2020-05                  27600
