Initialization of the logs...
Begin fitting residential model...
Acquiring EIA Residential Data
Finished EIA Residential Data. Some EIA Data is provided as: standard_state_name Virginia
period                      
2023-01                13158
2023-02                10478
2023-03                 9964
2023-04                 4160
2023-05                 2774
Initialization of the logs...
Begin fitting residential model...
Acquiring EIA Residential Data
Finished EIA Residential Data. Some EIA Data is provided as: standard_state_name Virginia
period                      
2023-01                13158
2023-02                10478
2023-03                 9964
2023-04                 4160
2023-05                 2774
Initialization of the logs...
Begin fitting residential model...
Acquiring EIA Residential Data
Finished EIA Residential Data. Some EIA Data is provided as: standard_state_name Virginia
period                      
2023-01                13158
2023-02                10478
2023-03                 9964
2023-04                 4160
2023-05                 2774
Initialization of the logs...
Begin fitting residential model...
Acquiring EIA Residential Data
Finished EIA Residential Data. Some EIA Data is provided as: standard_state_name Virginia
period                      
2023-01                13158
2023-02                10478
2023-03                 9964
2023-04                 4160
2023-05                 2774
Calculating EIA Monthly Constraints...
Calculating EIA Monthly Constraints...
Calculating EIA Monthly Constraints...
Calculating EIA Monthly Constraints...
Calculating EIA Monthly Constraints...
Calculating EIA Monthly Constraints...
Calculating EIA Monthly Constraints...
Calculating EIA Monthly Constraints...
Calculating EIA Monthly Constraints...
Calculating EIA Monthly Constraints...
Initialization of the logs...
Begin fitting residential model...
Acquiring EIA Residential Data
Finished EIA Residential Data. Some EIA Data is provided as: standard_state_name Virginia
period                      
2023-01                13158
2023-02                10478
2023-03                 9964
2023-04                 4160
2023-05                 2774
Calculating EIA Monthly Constraints...
Calculating EIA Monthly Constraints...
Calculating EIA Monthly Constraints...
Calculating EIA Monthly Constraints...
Calculating EIA Monthly Constraints...
Calculating EIA Monthly Constraints...
Calculating EIA Monthly Constraints...
Calculating EIA Monthly Constraints...
Calculating EIA Monthly Constraints...
Calculating EIA Monthly Constraints...
Calculating EIA Monthly Constraints...
Calculating EIA Monthly Constraints...
Calculating EIA Monthly Constraints...
Calculating EIA Monthly Constraints...
Calculating EIA Monthly Constraints...
Calculating EIA Monthly Constraints...
Calculating EIA Monthly Constraints...
Calculating EIA Monthly Constraints...
Calculating EIA Monthly Constraints...
Calculating EIA Monthly Constraints...
Calculating EIA Monthly Constraints...
Calculating EIA Monthly Constraints...
Calculating EIA Monthly Constraints...
Calculating EIA Monthly Constraints...
Calculating EIA Monthly Constraints...
Calculating EIA Monthly Constraints...
Calculating EIA Monthly Constraints...
Calculating EIA Monthly Constraints...
Calculating EIA Monthly Constraints...
Calculating EIA Monthly Constraints...
Calculating EIA Monthly Constraints...
Calculating EIA Monthly Constraints...
Calculating EIA Monthly Constraints...
Calculating EIA Monthly Constraints...
Calculating EIA Monthly Constraints...
Calculating EIA Monthly Constraints...
Calculating EIA Monthly Constraints...
Calculating EIA Monthly Constraints...
Calculating EIA Monthly Constraints...
Calculating EIA Monthly Constraints...
Calculating EIA Monthly Constraints...
Calculating EIA Monthly Constraints...
Calculating EIA Monthly Constraints...
Calculating EIA Monthly Constraints...
Calculating EIA Monthly Constraints...
Calculating EIA Monthly Constraints...
Calculating EIA Monthly Constraints...
Calculating EIA Monthly Constraints...
Calculating EIA Monthly Constraints...
Calculating EIA Monthly Constraints...
Calculating EIA Monthly Constraints...
Calculating EIA Monthly Constraints...
Calculating EIA Monthly Constraints...
Calculating EIA Monthly Constraints...
Calculating EIA Monthly Constraints...
Calculating EIA Monthly Constraints...
Calculating EIA Monthly Constraints...
Calculating EIA Monthly Constraints...
Calculating EIA Monthly Constraints...
Calculating EIA Monthly Constraints...
Calculating EIA Monthly Constraints...
Calculating EIA Monthly Constraints...
Calculating EIA Monthly Constraints...
Calculating EIA Monthly Constraints...
Calculating EIA Monthly Constraints...
Calculating EIA Monthly Constraints...
Calculating EIA Monthly Constraints...
Calculating EIA Monthly Constraints...
Calculating EIA Monthly Constraints...
Calculating EIA Monthly Constraints...
Calculating EIA Monthly Constraints...
Calculating EIA Monthly Constraints...
Calculating EIA Monthly Constraints...
Calculating EIA Monthly Constraints...
Calculating EIA Monthly Constraints...
Calculating EIA Monthly Constraints...
Calculating EIA Monthly Constraints...
Calculating EIA Monthly Constraints...
Calculating EIA Monthly Constraints...
Calculating EIA Monthly Constraints...
Calculating EIA Monthly Constraints...
Calculating EIA Monthly Constraints...
Calculating EIA Monthly Constraints...
Calculating EIA Monthly Constraints...
Calculating EIA Monthly Constraints...
Calculating EIA Monthly Constraints...
Calculating EIA Monthly Constraints...
Calculating EIA Monthly Constraints...
Calculating EIA Monthly Constraints...
Calculating EIA Monthly Constraints...
Calculating EIA Monthly Constraints...
Calculating EIA Monthly Constraints...
Calculating EIA Monthly Constraints...
Calculating EIA Monthly Constraints...
Calculating EIA Monthly Constraints...
Calculating EIA Monthly Constraints...
Calculating EIA Monthly Constraints...
Calculating EIA Monthly Constraints...
Calculating EIA Monthly Constraints...
Calculating EIA Monthly Constraints...
Calculating EIA Monthly Constraints...
Calculating EIA Monthly Constraints...
Calculating EIA Monthly Constraints...
Calculating EIA Monthly Constraints...
Calculating EIA Monthly Constraints...
Calculating EIA Monthly Constraints...
Calculating EIA Monthly Constraints...
Calculating EIA Monthly Constraints...
Calculating EIA Monthly Constraints...
Calculating EIA Monthly Constraints...
Calculating EIA Monthly Constraints...
Calculating EIA Monthly Constraints...
Calculating EIA Monthly Constraints...
Calculating EIA Monthly Constraints...
Calculating EIA Monthly Constraints...
Calculating EIA Monthly Constraints...
Calculating EIA Monthly Constraints...
Calculating EIA Monthly Constraints...
Calculating EIA Monthly Constraints...
Calculating EIA Monthly Constraints...
Calculating EIA Monthly Constraints...
Calculating EIA Monthly Constraints...
Calculating EIA Monthly Constraints...
Calculating EIA Monthly Constraints...
Calculating EIA Monthly Constraints...
Calculating EIA Monthly Constraints...
Calculating EIA Monthly Constraints...
Calculating EIA Monthly Constraints...
Calculating EIA Monthly Constraints...
Calculating EIA Monthly Constraints...
Calculating EIA Monthly Constraints...
Calculating EIA Monthly Constraints...
Calculating EIA Monthly Constraints...
Calculating EIA Monthly Constraints...
Calculating EIA Monthly Constraints...
Calculating EIA Monthly Constraints...
Calculating EIA Monthly Constraints...
Calculating EIA Monthly Constraints...
Calculating EIA Monthly Constraints...
Calculating EIA Monthly Constraints...
Calculating EIA Monthly Constraints...
Calculating EIA Monthly Constraints...
Calculating EIA Monthly Constraints...
Calculating EIA Monthly Constraints...
Calculating EIA Monthly Constraints...
Calculating EIA Monthly Constraints...
Calculating EIA Monthly Constraints...
Calculating EIA Monthly Constraints...
Calculating EIA Monthly Constraints...
Calculating EIA Monthly Constraints...
Calculating EIA Monthly Constraints...
Calculating EIA Monthly Constraints...
Calculating EIA Monthly Constraints...
Calculating EIA Monthly Constraints...
Calculating EIA Monthly Constraints...
Calculating EIA Monthly Constraints...
Calculating EIA Monthly Constraints...
Calculating EIA Monthly Constraints...
Calculating EIA Monthly Constraints...
Calculating EIA Monthly Constraints...
Calculating EIA Monthly Constraints...
Calculating EIA Monthly Constraints...
Calculating EIA Monthly Constraints...
Calculating EIA Monthly Constraints...
Calculating EIA Monthly Constraints...
Calculating EIA Monthly Constraints...
Calculating EIA Monthly Constraints...
Calculating EIA Monthly Constraints...
Calculating EIA Monthly Constraints...
Calculating EIA Monthly Constraints...
Calculating EIA Monthly Constraints...
Calculating EIA Monthly Constraints...
Calculating EIA Monthly Constraints...
Calculating EIA Monthly Constraints...
Calculating EIA Monthly Constraints...
Initialization of the logs...
Begin fitting residential model...
Acquiring EIA Residential Data
Finished EIA Residential Data. Some EIA Data is provided as: standard_state_name Virginia
period                      
2023-01                13158
2023-02                10478
2023-03                 9964
2023-04                 4160
2023-05                 2774
Calculating EIA Monthly Constraints...
Calculating EIA Monthly Constraints...
Calculating EIA Monthly Constraints...
Calculating EIA Monthly Constraints...
Calculating EIA Monthly Constraints...
Calculating EIA Monthly Constraints...
Calculating EIA Monthly Constraints...
Calculating EIA Monthly Constraints...
Calculating EIA Monthly Constraints...
Calculating EIA Monthly Constraints...
Calculating EIA Monthly Constraints...
Initialization of the logs...
Begin fitting residential model...
Acquiring EIA Residential Data
Finished EIA Residential Data. Some EIA Data is provided as: standard_state_name Virginia
period                      
2023-01                13158
2023-02                10478
2023-03                 9964
2023-04                 4160
2023-05                 2774
Initialization of the logs...
Begin fitting residential model...
Acquiring EIA Residential Data
Finished EIA Residential Data. Some EIA Data is provided as: standard_state_name Virginia
period                      
2023-01                13158
2023-02                10478
2023-03                 9964
2023-04                 4160
2023-05                 2774
Calculating EIA Monthly Constraints...
Initialization of the logs...
Begin fitting residential model...
Acquiring EIA Residential Data
Finished EIA Residential Data. Some EIA Data is provided as: standard_state_name Virginia
period                      
2021-01                17495
2021-02                14725
2021-03                10386
2021-04                 5552
2021-05                 2726
Calculating EIA Monthly Constraints...
Initialization of the logs...
Begin fitting residential model...
Acquiring EIA Residential Data
Initialization of the logs...
Begin fitting residential model...
Acquiring EIA Residential Data
Finished EIA Residential Data. Some EIA Data is provided as: standard_state_name Virginia
period                      
2021-01                17495
2021-02                14725
2021-03                10386
2021-04                 5552
2021-05                 2726
Initialization of the logs...
Begin fitting residential model...
Acquiring EIA Residential Data
Finished EIA Residential Data. Some EIA Data is provided as: standard_state_name Virginia
period                      
2021-01                17495
2021-02                14725
2021-03                10386
2021-04                 5552
2021-05                 2726
Initialization of the logs...
Begin fitting residential model...
Acquiring EIA Residential Data
Finished EIA Residential Data. Some EIA Data is provided as: standard_state_name Virginia
period                      
2021-01                17495
2021-02                14725
2021-03                10386
2021-04                 5552
2021-05                 2726
Initialization of the logs...
Begin fitting residential model...
Acquiring EIA Residential Data
Finished EIA Residential Data. Some EIA Data is provided as: standard_state_name Virginia
period                      
2021-01                17495
2021-02                14725
2021-03                10386
2021-04                 5552
2021-05                 2726
Initialization of the logs...
Begin fitting residential model...
Acquiring EIA Residential Data
Finished EIA Residential Data. Some EIA Data is provided as: standard_state_name Virginia
period                      
2021-01                17495
2021-02                14725
2021-03                10386
2021-04                 5552
2021-05                 2726
Initialization of the logs...
Begin fitting residential model...
Acquiring EIA Residential Data
Finished EIA Residential Data. Some EIA Data is provided as: standard_state_name Virginia
period                      
2021-01                17495
2021-02                14725
2021-03                10386
2021-04                 5552
2021-05                 2726
Initialization of the logs...
Begin fitting residential model...
Acquiring EIA Residential Data
Finished EIA Residential Data. Some EIA Data is provided as: standard_state_name Virginia
period                      
2021-01                17495
2021-02                14725
2021-03                10386
2021-04                 5552
2021-05                 2726
Initialization of the logs...
Begin fitting residential model...
Acquiring EIA Residential Data
Initialization of the logs...
Begin fitting residential model...
Acquiring EIA Residential Data
Finished EIA Residential Data. Some EIA Data is provided as: standard_state_name Virginia
period                      
2021-01                17495
2021-02                14725
2021-03                10386
2021-04                 5552
2021-05                 2726
Calculating EIA Monthly Constraints...
Initialization of the logs...
Begin fitting residential model...
Acquiring EIA Residential Data
Finished EIA Residential Data. Some EIA Data is provided as: standard_state_name Virginia
period                      
2021-01                17495
2021-02                14725
2021-03                10386
2021-04                 5552
2021-05                 2726
Initialization of the logs...
Begin fitting residential model...
Acquiring EIA Residential Data
Finished EIA Residential Data. Some EIA Data is provided as: standard_state_name Virginia
period                      
2021-01                17495
2021-02                14725
2021-03                10386
2021-04                 5552
2021-05                 2726
Initialization of the logs...
Begin fitting residential model...
Acquiring EIA Residential Data
Finished EIA Residential Data. Some EIA Data is provided as: standard_state_name Virginia
period                      
2021-01                17495
2021-02                14725
2021-03                10386
2021-04                 5552
2021-05                 2726
Initialization of the logs...
Begin fitting residential model...
Acquiring EIA Residential Data
Initialization of the logs...
Begin fitting residential model...
Acquiring EIA Residential Data
Initialization of the logs...
Begin fitting residential model...
Acquiring EIA Residential Data
Finished EIA Residential Data. Some EIA Data is provided as: standard_state_name Virginia
period                      
2021-01                17495
2021-02                14725
2021-03                10386
2021-04                 5552
2021-05                 2726
Initialization of the logs...
Begin fitting residential model...
Acquiring EIA Residential Data
Finished EIA Residential Data. Some EIA Data is provided as: standard_state_name Virginia
period                      
2021-01                17495
2021-02                14725
2021-03                10386
2021-04                 5552
2021-05                 2726
Initialization of the logs...
Begin fitting residential model...
Acquiring EIA Residential Data
Finished EIA Residential Data. Some EIA Data is provided as: standard_state_name Virginia
period                      
2021-01                17495
2021-02                14725
2021-03                10386
2021-04                 5552
2021-05                 2726
Initialization of the logs...
Begin fitting residential model...
Acquiring EIA Residential Data
Finished EIA Residential Data. Some EIA Data is provided as: standard_state_name Virginia
period                      
2021-01                17495
2021-02                14725
2021-03                10386
2021-04                 5552
2021-05                 2726
Initialization of the logs...
Begin fitting residential model...
Acquiring EIA Residential Data
Finished EIA Residential Data. Some EIA Data is provided as: standard_state_name Virginia
period                      
2021-01                17495
2021-02                14725
2021-03                10386
2021-04                 5552
2021-05                 2726
Initialization of the logs...
Begin fitting residential model...
Acquiring EIA Residential Data
Initialization of the logs...
Begin fitting residential model...
Acquiring EIA Residential Data
Initialization of the logs...
Begin fitting residential model...
Acquiring EIA Residential Data
Initialization of the logs...
Begin fitting residential model...
Acquiring EIA Residential Data
Finished EIA Residential Data. Some EIA Data is provided as: standard_state_name Virginia
period                      
2021-01                17495
2021-02                14725
2021-03                10386
2021-04                 5552
2021-05                 2726
Initialization of the logs...
Begin fitting residential model...
Acquiring EIA Residential Data
Finished EIA Residential Data. Some EIA Data is provided as: standard_state_name Virginia
period                      
2021-01                17495
2021-02                14725
2021-03                10386
2021-04                 5552
2021-05                 2726
Initialization of the logs...
Begin fitting residential model...
Acquiring EIA Residential Data
Initialization of the logs...
Begin fitting residential model...
Acquiring EIA Residential Data
Initialization of the logs...
Begin fitting residential model...
Acquiring EIA Residential Data
Finished EIA Residential Data. Some EIA Data is provided as: standard_state_name Virginia
period                      
2021-01                17495
2021-02                14725
2021-03                10386
2021-04                 5552
2021-05                 2726
Initialization of the logs...
Begin fitting residential model...
Acquiring EIA Residential Data
Finished EIA Residential Data. Some EIA Data is provided as: standard_state_name Virginia
period                      
2021-01                17495
2021-02                14725
2021-03                10386
2021-04                 5552
2021-05                 2726
Calculating EIA Monthly Constraints...
The relative error is 0.5872726605832784 for params {'alpha_mu': np.float64(6.3829156346627665), 'alpha_sigma': np.float64(0.08258034713883305), 'alpha_2_mu': np.float64(0.5396256385322767), 'alpha_2_sigma': np.float64(1.0437894091048123), 'daily_consumption_error': np.float64(0.023703462550790023), 'monthly_consumption_error': np.float64(0.15590637210587624)}
Calculating EIA Monthly Constraints...
The relative error is 2.453698731189009 for params {'alpha_mu': np.float64(8.435409954009401), 'alpha_sigma': np.float64(0.034194502543678576), 'alpha_2_mu': np.float64(0.1525614050956383), 'alpha_2_sigma': np.float64(0.006236337125301361), 'daily_consumption_error': np.float64(0.01873805106588644), 'monthly_consumption_error': np.float64(0.11835329655283983)}
Calculating EIA Monthly Constraints...
The relative error is 0.3346724596462896 for params {'alpha_mu': np.float64(0.9281239275431972), 'alpha_sigma': np.float64(0.09007706466043464), 'alpha_2_mu': np.float64(1.048796043536493), 'alpha_2_sigma': np.float64(1.0976908504962921), 'daily_consumption_error': np.float64(0.010192555774442058), 'monthly_consumption_error': np.float64(0.009807792918098412)}
Calculating EIA Monthly Constraints...
The relative error is 0.8779715028722338 for params {'alpha_mu': np.float64(10.298276769280456), 'alpha_sigma': np.float64(0.006269175533843235), 'alpha_2_mu': np.float64(0.3241546817194334), 'alpha_2_sigma': np.float64(0.6777285933494568), 'daily_consumption_error': np.float64(0.045740770585902646), 'monthly_consumption_error': np.float64(0.189845542132493)}
Calculating EIA Monthly Constraints...
Initialization of the logs...
Begin fitting residential model...
Acquiring EIA Residential Data
Initialization of the logs...
Begin fitting residential model...
Acquiring EIA Residential Data
Initialization of the logs...
Begin fitting residential model...
Acquiring EIA Residential Data
Initialization of the logs...
Begin fitting residential model...
Acquiring EIA Residential Data
Initialization of the logs...
Begin fitting residential model...
Acquiring EIA Residential Data
Initialization of the logs...
Begin fitting residential model...
Acquiring EIA Residential Data
Initialization of the logs...
Begin fitting residential model...
Acquiring EIA Residential Data
Initialization of the logs...
Begin fitting residential model...
Acquiring EIA Residential Data
Initialization of the logs...
Begin fitting residential model...
Acquiring EIA Residential Data
Initialization of the logs...
Begin fitting residential model...
Acquiring EIA Residential Data
Initialization of the logs...
Begin fitting residential model...
Acquiring EIA Residential Data
Initialization of the logs...
Begin fitting residential model...
Acquiring EIA Residential Data
Initialization of the logs...
Begin fitting residential model...
Acquiring EIA Residential Data
Initialization of the logs...
Begin fitting residential model...
Acquiring EIA Residential Data
Initialization of the logs...
Begin fitting residential model...
Acquiring EIA Residential Data
Finished EIA Residential Data. Some EIA Data is provided as: standard_state_name Virginia
period                      
2021-01                17495
2021-02                14725
2021-03                10386
2021-04                 5552
2021-05                 2726
Initialization of the logs...
Begin fitting residential model...
Acquiring EIA Residential Data
Initialization of the logs...
Begin fitting residential model...
Acquiring EIA Residential Data
Finished EIA Residential Data. Some EIA Data is provided as: standard_state_name Virginia
period                      
2021-01                17495
2021-02                14725
2021-03                10386
2021-04                 5552
2021-05                 2726
Initialization of the logs...
Begin fitting residential model...
Acquiring EIA Residential Data
Finished EIA Residential Data. Some EIA Data is provided as: standard_state_name Virginia
period                      
2021-01                17495
2021-02                14725
2021-03                10386
2021-04                 5552
2021-05                 2726
Initialization of the logs...
Begin fitting residential model...
Acquiring EIA Residential Data
Finished EIA Residential Data. Some EIA Data is provided as: standard_state_name Virginia
period                      
2021-01                17495
2021-02                14725
2021-03                10386
2021-04                 5552
2021-05                 2726
Initialization of the logs...
Begin fitting residential model...
Acquiring EIA Residential Data
Finished EIA Residential Data. Some EIA Data is provided as: standard_state_name Virginia
period                      
2021-01                17495
2021-02                14725
2021-03                10386
2021-04                 5552
2021-05                 2726
Initialization of the logs...
Begin fitting residential model...
Acquiring EIA Residential Data
Finished EIA Residential Data. Some EIA Data is provided as: standard_state_name Virginia
period                      
2021-01                17495
2021-02                14725
2021-03                10386
2021-04                 5552
2021-05                 2726
Initialization of the logs...
Begin fitting residential model...
Acquiring EIA Residential Data
Finished EIA Residential Data. Some EIA Data is provided as: standard_state_name Virginia
period                      
2021-01                17495
2021-02                14725
2021-03                10386
2021-04                 5552
2021-05                 2726
Initialization of the logs...
Begin fitting residential model...
Acquiring EIA Residential Data
Finished EIA Residential Data. Some EIA Data is provided as: standard_state_name Virginia
period                      
2021-01                17495
2021-02                14725
2021-03                10386
2021-04                 5552
2021-05                 2726
Initialization of the logs...
Begin fitting residential model...
Acquiring EIA Residential Data
Initialization of the logs...
Begin fitting residential model...
Acquiring EIA Residential Data
Finished EIA Residential Data. Some EIA Data is provided as: standard_state_name Virginia
period                      
2021-01                17495
2021-02                14725
2021-03                10386
2021-04                 5552
2021-05                 2726
Initialization of the logs...
Begin fitting residential model...
Acquiring EIA Residential Data
Initialization of the logs...
Begin fitting residential model...
Acquiring EIA Residential Data
Finished EIA Residential Data. Some EIA Data is provided as: standard_state_name Virginia
period                      
2021-01                17495
2021-02                14725
2021-03                10386
2021-04                 5552
2021-05                 2726
Calculating EIA Monthly Constraints...
Calculating EIA Monthly Constraints...
Calculating EIA Monthly Constraints...
Calculating EIA Monthly Constraints...
Calculating EIA Monthly Constraints...
Calculating EIA Monthly Constraints...
Calculating EIA Monthly Constraints...
Calculating EIA Monthly Constraints...
Calculating EIA Monthly Constraints...
Calculating EIA Monthly Constraints...
Calculating EIA Monthly Constraints...
Calculating EIA Monthly Constraints...
Calculating EIA Monthly Constraints...
Calculating EIA Monthly Constraints...
Calculating EIA Monthly Constraints...
Calculating EIA Monthly Constraints...
Calculating EIA Monthly Constraints...
Calculating EIA Monthly Constraints...
Calculating EIA Monthly Constraints...
Calculating EIA Monthly Constraints...
Calculating EIA Monthly Constraints...
Calculating EIA Monthly Constraints...
Calculating EIA Monthly Constraints...
Calculating EIA Monthly Constraints...
Initialization of the logs...
Begin fitting residential model...
Acquiring EIA Residential Data
Finished EIA Residential Data. Some EIA Data is provided as: standard_state_name Virginia
period                      
2021-01                17495
2021-02                14725
2021-03                10386
2021-04                 5552
2021-05                 2726
Calculating EIA Monthly Constraints...
Calculating EIA Monthly Constraints...
Calculating EIA Monthly Constraints...
Calculating EIA Monthly Constraints...
Calculating EIA Monthly Constraints...
Calculating EIA Monthly Constraints...
Calculating EIA Monthly Constraints...
Calculating EIA Monthly Constraints...
Calculating EIA Monthly Constraints...
Calculating EIA Monthly Constraints...
Calculating EIA Monthly Constraints...
Calculating EIA Monthly Constraints...
Calculating EIA Monthly Constraints...
Calculating EIA Monthly Constraints...
Calculating EIA Monthly Constraints...
Calculating EIA Monthly Constraints...
Calculating EIA Monthly Constraints...
Calculating EIA Monthly Constraints...
Calculating EIA Monthly Constraints...
Calculating EIA Monthly Constraints...
Calculating EIA Monthly Constraints...
Calculating EIA Monthly Constraints...
Calculating EIA Monthly Constraints...
Calculating EIA Monthly Constraints...
Calculating EIA Monthly Constraints...
Calculating EIA Monthly Constraints...
Calculating EIA Monthly Constraints...
Calculating EIA Monthly Constraints...
Initialization of the logs...
Begin fitting residential model...
Acquiring EIA Residential Data
Finished EIA Residential Data. Some EIA Data is provided as: standard_state_name Virginia
period                      
2020-01                  NaN
2020-02                  NaN
2020-03                  NaN
2020-04                  NaN
2020-05                  NaN
Initialization of the logs...
Begin fitting residential model...
Acquiring EIA Residential Data
Finished EIA Residential Data. Some EIA Data is provided as: standard_state_name Virginia
period                      
2020-01                  NaN
2020-02                  NaN
2020-03                  NaN
2020-04                  NaN
2020-05                  NaN
Initialization of the logs...
Begin fitting residential model...
Acquiring EIA Residential Data
Finished EIA Residential Data. Some EIA Data is provided as: standard_state_name Virginia
period                      
2020-01                14549
2020-02                  NaN
2020-03                  NaN
2020-04                  NaN
2020-05                  NaN
Initialization of the logs...
Begin fitting residential model...
Acquiring EIA Residential Data
Initialization of the logs...
Begin fitting residential model...
Acquiring EIA Residential Data
Initialization of the logs...
Begin fitting residential model...
Acquiring EIA Residential Data
Finished EIA Residential Data. Some EIA Data is provided as: standard_state_name Virginia
period                      
2020-01                14549
2020-02                11947
2020-03                 7568
2020-04                 5110
2020-05                 4207
Initialization of the logs...
Begin fitting residential model...
Acquiring EIA Residential Data
Finished EIA Residential Data. Some EIA Data is provided as: standard_state_name Virginia
period                      
2020-01                14549
2020-02                11947
2020-03                 7568
2020-04                 5110
2020-05                 4207
Initialization of the logs...
Begin fitting residential model...
Acquiring EIA Residential Data
Finished EIA Residential Data. Some EIA Data is provided as: standard_state_name Virginia
period                      
2020-01                14549
2020-02                11947
2020-03                 7568
2020-04                 5110
2020-05                 4207
Initialization of the logs...
Begin fitting residential model...
Acquiring EIA Residential Data
Finished EIA Residential Data. Some EIA Data is provided as: standard_state_name Virginia
period                      
2020-01                14549
2020-02                11947
2020-03                 7568
2020-04                 5110
2020-05                 4207
Initialization of the logs...
Begin fitting residential model...
Acquiring EIA Residential Data
Finished EIA Residential Data. Some EIA Data is provided as: standard_state_name Virginia
period                      
2020-01                14549
2020-02                11947
2020-03                 7568
2020-04                 5110
2020-05                 4207
Initialization of the logs...
Begin fitting residential model...
Acquiring EIA Residential Data
Finished EIA Residential Data. Some EIA Data is provided as: standard_state_name Virginia
period                      
2020-01                14549
2020-02                11947
2020-03                 7568
2020-04                 5110
2020-05                 4207
Initialization of the logs...
Begin fitting residential model...
Acquiring EIA Residential Data
Finished EIA Residential Data. Some EIA Data is provided as: standard_state_name Virginia
period                      
2020-01                14549
2020-02                11947
2020-03                 7568
2020-04                 5110
2020-05                 4207
Initialization of the logs...
Begin fitting residential model...
Acquiring EIA Residential Data
Finished EIA Residential Data. Some EIA Data is provided as: standard_state_name Virginia
period                      
2020-01                14549
2020-02                11947
2020-03                 7568
2020-04                 5110
2020-05                 4207
Initialization of the logs...
Begin fitting residential model...
Acquiring EIA Residential Data
Finished EIA Residential Data. Some EIA Data is provided as: standard_state_name Virginia
period                      
2020-01                14549
2020-02                11947
2020-03                 7568
2020-04                 5110
2020-05                 4207
Initialization of the logs...
Begin fitting residential model...
Acquiring EIA Residential Data
Finished EIA Residential Data. Some EIA Data is provided as: standard_state_name Virginia
period                      
2020-01                14549
2020-02                11947
2020-03                 7568
2020-04                 5110
2020-05                 4207
Initialization of the logs...
Begin fitting residential model...
Acquiring EIA Residential Data
Finished EIA Residential Data. Some EIA Data is provided as: standard_state_name Virginia
period                      
2020-01                14549
2020-02                11947
2020-03                 7568
2020-04                 5110
2020-05                 4207
Initialization of the logs...
Begin fitting residential model...
Acquiring EIA Residential Data
Finished EIA Residential Data. Some EIA Data is provided as: standard_state_name Virginia
period                      
2020-01                14549
2020-02                11947
2020-03                 7568
2020-04                 5110
2020-05                 4207
Calculating EIA Monthly Constraints...
Calculating EIA Monthly Constraints...
Calculating EIA Monthly Constraints...
Calculating EIA Monthly Constraints...
Calculating EIA Monthly Constraints...
Calculating EIA Monthly Constraints...
Calculating EIA Monthly Constraints...
Calculating EIA Monthly Constraints...
